<?xml version="1.0" encoding="UTF-8"?>
<!-- Generated by org.testng.reporters.JUnitReportReporter -->
<testsuite hostname="DESKTOP-V14F2B1" failures="0" tests="1" name="framework.test.AuthorizeUserTests" time="14.928" errors="0" timestamp="2024-05-18T03:50:16 MSK" skipped="0">
  <testcase classname="framework.test.AuthorizeUserTests" name="changeAccountInfo" time="14.928"/>
</testsuite> <!-- framework.test.AuthorizeUserTests -->
